templates/src-cordova/platforms/android/app/build/intermediates/manifest_merge_blame_file/release/manifest-merger-blame-release-report.txt
1<?xml version="1.0" encoding="utf-8"?>
2<manifest xmlns:android="http://schemas.android.com/apk/res/android"
3    package="org.greaterwms.app"
4    android:hardwareAccelerated="true"
5    android:versionCode="20100"
6    android:versionName="2.1.0" >
7
8    <uses-sdk
9        android:minSdkVersion="22"
9-->src\main\AndroidManifest.xml
10        android:targetSdkVersion="29" />
10-->src\main\AndroidManifest.xml
11
12    <supports-screens
12-->src\main\AndroidManifest.xml:3:5-191
13        android:anyDensity="true"
13-->src\main\AndroidManifest.xml:3:23-48
14        android:largeScreens="true"
14-->src\main\AndroidManifest.xml:3:49-76
15        android:normalScreens="true"
15-->src\main\AndroidManifest.xml:3:77-105
16        android:resizeable="true"
16-->src\main\AndroidManifest.xml:3:106-131
17        android:smallScreens="true"
17-->src\main\AndroidManifest.xml:3:132-159
18        android:xlargeScreens="true" />
18-->src\main\AndroidManifest.xml:3:160-188
19
20    <uses-permission android:name="android.permission.INTERNET" />
20-->src\main\AndroidManifest.xml:4:5-67
20-->src\main\AndroidManifest.xml:4:22-64
21    <uses-permission android:name="android.permission.WRITE_EXTERNAL_STORAGE" />
21-->src\main\AndroidManifest.xml:23:5-81
21-->src\main\AndroidManifest.xml:23:22-78
22    <uses-permission android:name="android.permission.READ_EXTERNAL_STORAGE" />
22-->src\main\AndroidManifest.xml:24:5-80
22-->src\main\AndroidManifest.xml:24:22-77
23    <uses-permission android:name="android.permission.REQUEST_INSTALL_PACKAGES" />
23-->src\main\AndroidManifest.xml:25:5-83
23-->src\main\AndroidManifest.xml:25:22-80
24    <uses-permission android:name="android.permission.READ_CONTACTS" />
24-->src\main\AndroidManifest.xml:26:5-72
24-->src\main\AndroidManifest.xml:26:22-69
25    <uses-permission android:name="android.permission.WRITE_CONTACTS" />
25-->src\main\AndroidManifest.xml:27:5-73
25-->src\main\AndroidManifest.xml:27:22-70
26    <uses-permission android:name="android.permission.GET_ACCOUNTS" />
26-->src\main\AndroidManifest.xml:28:5-71
26-->src\main\AndroidManifest.xml:28:22-68
27    <uses-permission android:name="android.permission.ACCESS_COARSE_LOCATION" />
27-->src\main\AndroidManifest.xml:29:5-81
27-->src\main\AndroidManifest.xml:29:22-78
28    <uses-permission android:name="android.permission.ACCESS_FINE_LOCATION" />
28-->src\main\AndroidManifest.xml:30:5-79
28-->src\main\AndroidManifest.xml:30:22-76
29
30    <uses-feature
30-->src\main\AndroidManifest.xml:31:5-90
31        android:name="android.hardware.location.gps"
31-->src\main\AndroidManifest.xml:31:19-63
32        android:required="true" />
32-->src\main\AndroidManifest.xml:31:64-87
33
34    <uses-permission android:name="android.permission.RECORD_AUDIO" />
34-->src\main\AndroidManifest.xml:32:5-71
34-->src\main\AndroidManifest.xml:32:22-68
35    <uses-permission android:name="android.permission.MODIFY_AUDIO_SETTINGS" />
35-->src\main\AndroidManifest.xml:33:5-80
35-->src\main\AndroidManifest.xml:33:22-77
36    <uses-permission android:name="android.permission.READ_PHONE_STATE" />
36-->src\main\AndroidManifest.xml:34:5-75
36-->src\main\AndroidManifest.xml:34:22-72
37    <uses-permission android:name="android.permission.RECORD_VIDEO" />
37-->src\main\AndroidManifest.xml:35:5-71
37-->src\main\AndroidManifest.xml:35:22-68
38    <uses-permission android:name="android.permission.ACCESS_NETWORK_STATE" />
38-->src\main\AndroidManifest.xml:36:5-79
38-->src\main\AndroidManifest.xml:36:22-76
39    <uses-permission android:name="android.permission.VIBRATE" />
39-->src\main\AndroidManifest.xml:37:5-66
39-->src\main\AndroidManifest.xml:37:22-63
40
41    <application
41-->src\main\AndroidManifest.xml:5:5-22:19
42        android:appComponentFactory="androidx.core.app.CoreComponentFactory"
42-->[androidx.core:core:1.1.0] AndroidManifest.xml:24:18-86
43        android:hardwareAccelerated="true"
43-->src\main\AndroidManifest.xml:5:18-52
44        android:icon="@mipmap/ic_launcher"
44-->src\main\AndroidManifest.xml:5:53-87
45        android:label="@string/app_name"
45-->src\main\AndroidManifest.xml:5:88-120
46        android:supportsRtl="true"
46-->src\main\AndroidManifest.xml:5:121-147
47        android:usesCleartextTraffic="true" >
47-->src\main\AndroidManifest.xml:5:148-183
48        <activity
48-->src\main\AndroidManifest.xml:6:9-15:20
49            android:name="org.greaterwms.app.MainActivity"
49-->src\main\AndroidManifest.xml:6:205-232
50            android:configChanges="orientation|keyboardHidden|keyboard|screenSize|locale|smallestScreenSize|screenLayout|uiMode"
50-->src\main\AndroidManifest.xml:6:19-135
51            android:label="@string/activity_name"
51-->src\main\AndroidManifest.xml:6:136-173
52            android:launchMode="singleTop"
52-->src\main\AndroidManifest.xml:6:174-204
53            android:theme="@android:style/Theme.DeviceDefault.NoActionBar"
53-->src\main\AndroidManifest.xml:6:233-295
54            android:windowSoftInputMode="adjustResize" >
54-->src\main\AndroidManifest.xml:6:296-338
55            <intent-filter android:label="@string/launcher_name" >
55-->src\main\AndroidManifest.xml:7:13-10:29
55-->src\main\AndroidManifest.xml:7:28-65
56                <action android:name="android.intent.action.MAIN" />
56-->src\main\AndroidManifest.xml:8:17-69
56-->src\main\AndroidManifest.xml:8:25-66
57
58                <category android:name="android.intent.category.LAUNCHER" />
58-->src\main\AndroidManifest.xml:9:17-77
58-->src\main\AndroidManifest.xml:9:27-74
59            </intent-filter>
60            <intent-filter>
60-->src\main\AndroidManifest.xml:11:13-14:29
61                <action android:name="com.darryncampbell.cordova.plugin.intent.ACTION" />
61-->src\main\AndroidManifest.xml:12:17-90
61-->src\main\AndroidManifest.xml:12:25-87
62
63                <category android:name="android.intent.category.DEFAULT" />
63-->src\main\AndroidManifest.xml:13:17-76
63-->src\main\AndroidManifest.xml:13:27-73
64            </intent-filter>
65        </activity>
66
67        <provider
68            android:name="org.apache.cordova.camera.FileProvider"
68-->src\main\AndroidManifest.xml:16:149-202
69            android:authorities="org.greaterwms.app.cordova.plugin.camera.provider"
69-->src\main\AndroidManifest.xml:16:19-88
70            android:exported="false"
70-->src\main\AndroidManifest.xml:16:89-113
71            android:grantUriPermissions="true" >
71-->src\main\AndroidManifest.xml:16:114-148
72            <meta-data
72-->src\main\AndroidManifest.xml:17:13-123
73                android:name="android.support.FILE_PROVIDER_PATHS"
73-->src\main\AndroidManifest.xml:17:24-74
74                android:resource="@xml/camera_provider_paths" />
74-->src\main\AndroidManifest.xml:17:75-120
75        </provider>
76        <provider
77            android:name="com.darryncampbell.cordova.plugin.intent.CordovaPluginIntentFileProvider"
77-->src\main\AndroidManifest.xml:19:168-255
78            android:authorities="org.greaterwms.app.darryncampbell.cordova.plugin.intent.fileprovider"
78-->src\main\AndroidManifest.xml:19:19-107
79            android:exported="false"
79-->src\main\AndroidManifest.xml:19:108-132
80            android:grantUriPermissions="true" >
80-->src\main\AndroidManifest.xml:19:133-167
81            <meta-data
81-->src\main\AndroidManifest.xml:17:13-123
82                android:name="android.support.FILE_PROVIDER_PATHS"
82-->src\main\AndroidManifest.xml:17:24-74
83                android:resource="@xml/provider_paths" />
83-->src\main\AndroidManifest.xml:17:75-120
84        </provider>
85    </application>
86
87</manifest>